mode: set
simplecrm/internal/handlers/handlers.go:17.95,18.54 1 1
simplecrm/internal/handlers/handlers.go:18.54,20.62 2 1
simplecrm/internal/handlers/handlers.go:20.62,24.4 3 1
simplecrm/internal/handlers/handlers.go:26.3,29.38 4 1
simplecrm/internal/handlers/handlers.go:29.38,33.4 3 1
simplecrm/internal/handlers/handlers.go:35.3,43.17 2 1
simplecrm/internal/handlers/handlers.go:43.17,47.4 3 1
simplecrm/internal/handlers/handlers.go:49.3,50.34 2 1
simplecrm/internal/handlers/handlers.go:54.71,55.54 1 1
simplecrm/internal/handlers/handlers.go:55.54,57.3 1 0
simplecrm/internal/handlers/handlers.go:60.64,61.54 1 1
simplecrm/internal/handlers/handlers.go:61.54,63.3 1 0
simplecrm/internal/handlers/handlers.go:66.61,67.54 1 1
simplecrm/internal/handlers/handlers.go:67.54,69.3 1 0
simplecrm/internal/handlers/handlers.go:74.64,75.54 1 1
simplecrm/internal/handlers/handlers.go:75.54,77.3 1 0
simplecrm/internal/handlers/handlers.go:80.64,81.54 1 1
simplecrm/internal/handlers/handlers.go:81.54,83.3 1 0
simplecrm/internal/handlers/handlers.go:86.71,87.54 1 1
simplecrm/internal/handlers/handlers.go:87.54,89.3 1 0
simplecrm/internal/handlers/handlers.go:92.61,93.54 1 1
simplecrm/internal/handlers/handlers.go:93.54,95.3 1 0
simplecrm/internal/handlers/handlers.go:100.61,101.54 1 1
simplecrm/internal/handlers/handlers.go:101.54,103.3 1 0
simplecrm/internal/handlers/handlers.go:106.64,107.54 1 1
simplecrm/internal/handlers/handlers.go:107.54,109.3 1 0
simplecrm/internal/handlers/handlers.go:112.64,113.54 1 1
simplecrm/internal/handlers/handlers.go:113.54,115.3 1 0
simplecrm/internal/handlers/handlers.go:118.71,119.54 1 1
simplecrm/internal/handlers/handlers.go:119.54,121.3 1 0
simplecrm/internal/handlers/handlers.go:126.67,127.54 1 1
simplecrm/internal/handlers/handlers.go:127.54,129.3 1 0
simplecrm/internal/handlers/handlers.go:132.67,133.54 1 1
simplecrm/internal/handlers/handlers.go:133.54,135.3 1 0
simplecrm/internal/handlers/handlers.go:138.74,139.54 1 1
simplecrm/internal/handlers/handlers.go:139.54,141.3 1 0
simplecrm/internal/handlers/handlers.go:144.64,145.54 1 1
simplecrm/internal/handlers/handlers.go:145.54,147.3 1 0
simplecrm/internal/handlers/routes.go:11.65,12.46 1 1
simplecrm/internal/handlers/routes.go:12.46,17.3 4 1
simplecrm/internal/handlers/routes.go:19.2,19.45 1 1
simplecrm/internal/handlers/routes.go:19.45,23.3 3 1
simplecrm/internal/handlers/routes.go:25.2,25.45 1 1
simplecrm/internal/handlers/routes.go:25.45,29.3 3 1
simplecrm/internal/handlers/routes.go:31.2,31.48 1 1
simplecrm/internal/handlers/routes.go:31.48,35.3 3 1
simplecrm/internal/handlers/routes.go:37.2,37.45 1 1
simplecrm/internal/handlers/routes.go:37.45,41.3 3 1
